
2026-03-28 10:25:14,771 - app_routes_select_02 - INFO - [{'revenue_id': 20, 'revenue_code': '10001', 'amount': Decimal('50000.00')}, {'revenue_id': 21, 'revenue_code': '10002', 'amount': Decimal('10000.00')}]
2026-03-28 10:28:01,730 - app_routes_select_02 - INFO - [{'revenue_id': 20, 'revenue_code': '10001', 'amount': Decimal('50000.00')}, {'revenue_id': 21, 'revenue_code': '10002', 'amount': Decimal('10000.00')}]
2026-03-28 10:31:29,467 - app_routes_select_02 - INFO - [{'revenue_id': 20, 'revenue_code': '10001', 'amount': Decimal('50000.00')}, {'revenue_id': 21, 'revenue_code': '10002', 'amount': Decimal('10000.00')}]
2026-03-31 04:04:07,538 - app_routes_mutate - INFO - {'org_code': 'V1E', 'wo_number': 135, 'mark_up_percent': 30, 'materials_cost': 4290, 'materials_cost_low': 0, 'materials_cost_avg': 0, 'labor_cost': 31197.218, 'equipment_cost': 63956.672000000006, 'overhead_cost': 0, 'contingency_fund': 0, 'discounts': 0, 'total_cost': 99443.89000000001, 'total_cost_low': 95153.89000000001, 'total_cost_avg': 95153.89000000001}
2026-03-31 04:04:10,170 - app_routes_mutate - INFO - {'org_code': 'V1E', 'wo_number': 135, 'mark_up_percent': 0, 'materials_cost': 3300, 'materials_cost_low': 0, 'materials_cost_avg': 0, 'labor_cost': 23997.86, 'equipment_cost': 49197.44, 'overhead_cost': 0, 'contingency_fund': 0, 'discounts': 0, 'total_cost': 76495.3, 'total_cost_low': 73195.3, 'total_cost_avg': 73195.3}
2026-03-31 04:04:11,136 - app_routes_mutate - INFO - {'org_code': 'V1E', 'wo_number': 135, 'mark_up_percent': 30, 'materials_cost': 4290, 'materials_cost_low': 0, 'materials_cost_avg': 0, 'labor_cost': 31197.218, 'equipment_cost': 63956.672000000006, 'overhead_cost': 0, 'contingency_fund': 0, 'discounts': 0, 'total_cost': 99443.89000000001, 'total_cost_low': 95153.89000000001, 'total_cost_avg': 95153.89000000001}
2026-04-01 03:44:29,254 - app_routes_mutate - INFO - {'org_code': 'V1E', 'wo_number': 139, 'mark_up_percent': 30, 'materials_cost': 3900, 'materials_cost_low': 0, 'materials_cost_avg': 0, 'labor_cost': 0, 'equipment_cost': 0, 'overhead_cost': 0, 'contingency_fund': 0, 'discounts': 0, 'total_cost': 3900, 'total_cost_low': 0, 'total_cost_avg': 0}
2026-04-23 03:31:21,389 - app_routes_mutate - INFO - {'org_code': 'V1E', 'wo_number': 129, 'mark_up_percent': 0, 'materials_cost': 51581.32307692308, 'materials_cost_low': 0, 'materials_cost_avg': 0, 'labor_cost': 1000000, 'equipment_cost': 0, 'overhead_cost': 0, 'contingency_fund': 0, 'discounts': 0, 'total_cost': 1051581.323076923, 'total_cost_low': 1000000, 'total_cost_avg': 1000000}
2026-04-23 03:31:36,889 - app_routes_mutate - INFO - {'org_code': 'V1E', 'wo_number': 129, 'mark_up_percent': 30, 'materials_cost': 67055.72, 'materials_cost_low': 0, 'materials_cost_avg': 0, 'labor_cost': 1300000, 'equipment_cost': 0, 'overhead_cost': 0, 'contingency_fund': 0, 'discounts': 0, 'total_cost': 1367055.7199999997, 'total_cost_low': 1300000, 'total_cost_avg': 1300000}
2026-04-23 04:04:06,285 - app_routes_mutate - INFO - {'org_code': 'V1E', 'wo_number': 129, 'mark_up_percent': 0, 'materials_cost': 51581.32307692308, 'materials_cost_low': 0, 'materials_cost_avg': 0, 'labor_cost': 1000000, 'equipment_cost': 0, 'overhead_cost': 0, 'contingency_fund': 0, 'discounts': 0, 'total_cost': 1051581.323076923, 'total_cost_low': 1000000, 'total_cost_avg': 1000000}
2026-04-23 04:04:49,500 - app_routes_mutate - INFO - {'org_code': 'V1E', 'wo_number': 129, 'mark_up_percent': 30, 'materials_cost': 67055.716, 'materials_cost_low': 0, 'materials_cost_avg': 0, 'labor_cost': 1300000, 'equipment_cost': 0, 'overhead_cost': 0, 'contingency_fund': 0, 'discounts': 0, 'total_cost': 1367055.7160000002, 'total_cost_low': 1300000, 'total_cost_avg': 1300000}
2026-04-29 10:57:13,565 - app_routes_select_02 - ERROR - generateproposal failed
Traceback (most recent call last):
  File "/home/ubuntu/bloomerapi/app_routes_select_02.py", line 3135, in generateproposal
    wo_code = txt(wo[1] or wo_number)
KeyError: 1
2026-05-06 01:33:19,696 - app_routes_mutate - INFO - {'org_code': 'V1E', 'wo_number': 146, 'mark_up_percent': 30, 'materials_cost': 46800, 'materials_cost_low': 0, 'materials_cost_avg': 0, 'labor_cost': 8450, 'equipment_cost': 210002.91000000003, 'overhead_cost': 0, 'contingency_fund': 0, 'discounts': 0, 'total_cost': 265252.91000000003, 'total_cost_low': 218452.91000000003, 'total_cost_avg': 218452.91000000003}
2026-05-06 01:33:28,837 - app_routes_mutate - INFO - {'org_code': 'V1E', 'wo_number': 146, 'mark_up_percent': 0, 'materials_cost': 36000, 'materials_cost_low': 0, 'materials_cost_avg': 0, 'labor_cost': 6500, 'equipment_cost': 161540.7, 'overhead_cost': 0, 'contingency_fund': 0, 'discounts': 0, 'total_cost': 204040.7, 'total_cost_low': 168040.7, 'total_cost_avg': 168040.7}
2026-05-06 01:33:30,523 - app_routes_mutate - INFO - {'org_code': 'V1E', 'wo_number': 146, 'mark_up_percent': 30, 'materials_cost': 46800, 'materials_cost_low': 0, 'materials_cost_avg': 0, 'labor_cost': 8450, 'equipment_cost': 210002.91000000003, 'overhead_cost': 0, 'contingency_fund': 0, 'discounts': 0, 'total_cost': 265252.91000000003, 'total_cost_low': 218452.91000000003, 'total_cost_avg': 218452.91000000003}
2026-05-06 01:33:33,187 - app_routes_mutate - INFO - {'org_code': 'V1E', 'wo_number': 146, 'mark_up_percent': 0, 'materials_cost': 36000, 'materials_cost_low': 0, 'materials_cost_avg': 0, 'labor_cost': 6500, 'equipment_cost': 161540.7, 'overhead_cost': 0, 'contingency_fund': 0, 'discounts': 0, 'total_cost': 204040.7, 'total_cost_low': 168040.7, 'total_cost_avg': 168040.7}
2026-05-06 01:33:34,247 - app_routes_mutate - INFO - {'org_code': 'V1E', 'wo_number': 146, 'mark_up_percent': 30, 'materials_cost': 46800, 'materials_cost_low': 0, 'materials_cost_avg': 0, 'labor_cost': 8450, 'equipment_cost': 210002.91000000003, 'overhead_cost': 0, 'contingency_fund': 0, 'discounts': 0, 'total_cost': 265252.91000000003, 'total_cost_low': 218452.91000000003, 'total_cost_avg': 218452.91000000003}
2026-05-06 02:23:00,199 - app_routes_mutate - INFO - {'org_code': 'V1E', 'wo_number': 151, 'mark_up_percent': 30, 'materials_cost': 105592.5, 'materials_cost_low': 0, 'materials_cost_avg': 0, 'labor_cost': 0, 'equipment_cost': 0, 'overhead_cost': 0, 'contingency_fund': 0, 'discounts': 0, 'total_cost': 105592.5, 'total_cost_low': 0, 'total_cost_avg': 0}
2026-05-12 03:16:26,393 - app_routes_mutate - INFO - {'org_code': 'V1E', 'wo_number': 147, 'mark_up_percent': 30, 'materials_cost': 0, 'materials_cost_low': 0, 'materials_cost_avg': 0, 'labor_cost': 243750, 'equipment_cost': 241740.746, 'overhead_cost': 0, 'contingency_fund': 0, 'discounts': 0, 'total_cost': 485490.746, 'total_cost_low': 485490.746, 'total_cost_avg': 485490.746}
2026-05-25 05:38:24,086 - app_routes_mutate - INFO - {'org_code': 'V1E', 'wo_number': 158, 'mark_up_percent': 30, 'materials_cost': 0, 'materials_cost_low': 0, 'materials_cost_avg': 0, 'labor_cost': 0, 'equipment_cost': 0, 'overhead_cost': 0, 'contingency_fund': 0, 'discounts': 0, 'total_cost': 0, 'total_cost_low': 0, 'total_cost_avg': 0}
2026-05-28 01:28:11,637 - app_routes_mutate - INFO - {'org_code': 'V1E', 'wo_number': 149, 'mark_up_percent': 30, 'materials_cost': 7116.2, 'materials_cost_low': 0, 'materials_cost_avg': 0, 'labor_cost': 8450, 'equipment_cost': 66749.90400000001, 'overhead_cost': 0, 'contingency_fund': 0, 'discounts': 0, 'total_cost': 82316.104, 'total_cost_low': 75199.90400000001, 'total_cost_avg': 75199.90400000001}
2026-05-28 01:30:28,281 - app_routes_mutate - INFO - {'org_code': 'V1E', 'wo_number': 153, 'mark_up_percent': 30, 'materials_cost': 7116.2, 'materials_cost_low': 0, 'materials_cost_avg': 0, 'labor_cost': 0, 'equipment_cost': 70677.542, 'overhead_cost': 0, 'contingency_fund': 0, 'discounts': 0, 'total_cost': 77793.742, 'total_cost_low': 70677.542, 'total_cost_avg': 70677.542}
2026-05-28 01:45:21,975 - app_routes_mutate - INFO - {'org_code': 'V1E', 'wo_number': 154, 'mark_up_percent': 30, 'materials_cost': 0, 'materials_cost_low': 0, 'materials_cost_avg': 0, 'labor_cost': 0, 'equipment_cost': 0, 'overhead_cost': 0, 'contingency_fund': 0, 'discounts': 0, 'total_cost': 0, 'total_cost_low': 0, 'total_cost_avg': 0}
2026-05-28 07:12:45,801 - app_routes_mutate - INFO - INSERT INTO app_chatbox (project_gid, task_gid, task_name, message, created_datetime, created_by, source, org_code) VALUES (%s, %s, %s, %s, %s, %s, %s, %s)
2026-05-28 07:12:45,801 - app_routes_mutate - INFO - ('1215186316174325', '1215186316174328', 'WAC Phase 1', 'Hi', '2026-05-28 15:12:45', 'jude.manuel@vivant.com.ph', 'wac', 'V1E')
2026-05-28 07:26:54,950 - app - ERROR - Error fetching project ID: HTTP Error 403: Forbidden
2026-05-28 09:41:31,990 - app - ERROR - Error fetching project ID: HTTP Error 403: Forbidden
2026-05-29 08:46:05,769 - summarizer - WARNING - Unsupported file type for Textract: wr122_TECHNICAL REPORT TESTING ONLY.docx
2026-06-01 02:14:02,337 - app_routes_mutate - INFO - {'org_code': 'V1E', 'wo_number': 182, 'mark_up_percent': 30, 'materials_cost': 9174.1, 'materials_cost_low': 0, 'materials_cost_avg': 0, 'labor_cost': 8450, 'equipment_cost': 101566.985, 'overhead_cost': 0, 'contingency_fund': 0, 'discounts': 0, 'total_cost': 119191.085, 'total_cost_low': 110016.985, 'total_cost_avg': 110016.985}
2026-06-01 02:17:29,985 - app_routes_mutate - INFO - {'org_code': 'V1E', 'wo_number': 182, 'mark_up_percent': 0, 'materials_cost': 7057, 'materials_cost_low': 0, 'materials_cost_avg': 0, 'labor_cost': 6500, 'equipment_cost': 78128.45384615385, 'overhead_cost': 0, 'contingency_fund': 0, 'discounts': 0, 'total_cost': 91685.45384615385, 'total_cost_low': 84628.45384615385, 'total_cost_avg': 84628.45384615385}
2026-06-01 02:17:30,623 - app_routes_mutate - INFO - {'org_code': 'V1E', 'wo_number': 182, 'mark_up_percent': 30, 'materials_cost': 9174.1, 'materials_cost_low': 0, 'materials_cost_avg': 0, 'labor_cost': 8450, 'equipment_cost': 101566.99, 'overhead_cost': 0, 'contingency_fund': 0, 'discounts': 0, 'total_cost': 119191.09000000001, 'total_cost_low': 110016.99, 'total_cost_avg': 110016.99}
2026-06-01 02:17:31,346 - app_routes_mutate - INFO - {'org_code': 'V1E', 'wo_number': 182, 'mark_up_percent': 0, 'materials_cost': 7057, 'materials_cost_low': 0, 'materials_cost_avg': 0, 'labor_cost': 6500, 'equipment_cost': 78128.45384615385, 'overhead_cost': 0, 'contingency_fund': 0, 'discounts': 0, 'total_cost': 91685.45384615385, 'total_cost_low': 84628.45384615385, 'total_cost_avg': 84628.45384615385}
2026-06-01 02:17:31,841 - app_routes_mutate - INFO - {'org_code': 'V1E', 'wo_number': 182, 'mark_up_percent': 30, 'materials_cost': 9174.1, 'materials_cost_low': 0, 'materials_cost_avg': 0, 'labor_cost': 8450, 'equipment_cost': 101566.99, 'overhead_cost': 0, 'contingency_fund': 0, 'discounts': 0, 'total_cost': 119191.09000000001, 'total_cost_low': 110016.99, 'total_cost_avg': 110016.99}
2026-06-01 02:17:32,375 - app_routes_mutate - INFO - {'org_code': 'V1E', 'wo_number': 182, 'mark_up_percent': 0, 'materials_cost': 7057, 'materials_cost_low': 0, 'materials_cost_avg': 0, 'labor_cost': 6500, 'equipment_cost': 78128.45384615385, 'overhead_cost': 0, 'contingency_fund': 0, 'discounts': 0, 'total_cost': 91685.45384615385, 'total_cost_low': 84628.45384615385, 'total_cost_avg': 84628.45384615385}
2026-06-01 02:17:33,069 - app_routes_mutate - INFO - {'org_code': 'V1E', 'wo_number': 182, 'mark_up_percent': 30, 'materials_cost': 9174.1, 'materials_cost_low': 0, 'materials_cost_avg': 0, 'labor_cost': 8450, 'equipment_cost': 101566.99, 'overhead_cost': 0, 'contingency_fund': 0, 'discounts': 0, 'total_cost': 119191.09000000001, 'total_cost_low': 110016.99, 'total_cost_avg': 110016.99}
2026-06-01 02:17:35,658 - app_routes_mutate - INFO - {'org_code': 'V1E', 'wo_number': 182, 'mark_up_percent': 0, 'materials_cost': 7057, 'materials_cost_low': 0, 'materials_cost_avg': 0, 'labor_cost': 6500, 'equipment_cost': 78128.45384615385, 'overhead_cost': 0, 'contingency_fund': 0, 'discounts': 0, 'total_cost': 91685.45384615385, 'total_cost_low': 84628.45384615385, 'total_cost_avg': 84628.45384615385}
2026-06-01 02:17:36,027 - app_routes_mutate - INFO - {'org_code': 'V1E', 'wo_number': 182, 'mark_up_percent': 30, 'materials_cost': 9174.1, 'materials_cost_low': 0, 'materials_cost_avg': 0, 'labor_cost': 8450, 'equipment_cost': 101566.99, 'overhead_cost': 0, 'contingency_fund': 0, 'discounts': 0, 'total_cost': 119191.09000000001, 'total_cost_low': 110016.99, 'total_cost_avg': 110016.99}
2026-06-01 02:37:27,837 - app_routes_mutate - INFO - {'org_code': 'V1E', 'wo_number': 182, 'mark_up_percent': 0, 'materials_cost': 7057, 'materials_cost_low': 0, 'materials_cost_avg': 0, 'labor_cost': 6500, 'equipment_cost': 78128.45384615385, 'overhead_cost': 0, 'contingency_fund': 0, 'discounts': 0, 'total_cost': 91685.45384615385, 'total_cost_low': 84628.45384615385, 'total_cost_avg': 84628.45384615385}
2026-06-01 02:37:31,196 - app_routes_mutate - INFO - {'org_code': 'V1E', 'wo_number': 182, 'mark_up_percent': 30, 'materials_cost': 9174.1, 'materials_cost_low': 0, 'materials_cost_avg': 0, 'labor_cost': 8450, 'equipment_cost': 101566.99, 'overhead_cost': 0, 'contingency_fund': 0, 'discounts': 0, 'total_cost': 119191.09000000001, 'total_cost_low': 110016.99, 'total_cost_avg': 110016.99}
2026-06-01 02:59:31,302 - app_routes_mutate - INFO - {'org_code': 'V1E', 'wo_number': 188, 'mark_up_percent': 30, 'materials_cost': 201500, 'materials_cost_low': 0, 'materials_cost_avg': 0, 'labor_cost': 29900, 'equipment_cost': 0, 'overhead_cost': 0, 'contingency_fund': 0, 'discounts': 0, 'total_cost': 231400, 'total_cost_low': 29900, 'total_cost_avg': 29900}
2026-06-01 03:03:06,708 - app_routes_mutate - INFO - {'org_code': 'V1E', 'wo_number': 187, 'mark_up_percent': 30, 'materials_cost': 1025362, 'materials_cost_low': 0, 'materials_cost_avg': 0, 'labor_cost': 8847800, 'equipment_cost': 92186.588, 'overhead_cost': 0, 'contingency_fund': 0, 'discounts': 0, 'total_cost': 9965348.588, 'total_cost_low': 8939986.588, 'total_cost_avg': 8939986.588}
2026-06-01 03:06:19,940 - app_routes_mutate - INFO - {'org_code': 'V1E', 'wo_number': 186, 'mark_up_percent': 30, 'materials_cost': 416088.4, 'materials_cost_low': 0, 'materials_cost_avg': 0, 'labor_cost': 13000, 'equipment_cost': 1430, 'overhead_cost': 0, 'contingency_fund': 0, 'discounts': 0, 'total_cost': 430518.4, 'total_cost_low': 14430, 'total_cost_avg': 14430}
2026-06-01 03:08:09,385 - app_routes_mutate - INFO - {'org_code': 'V1E', 'wo_number': 186, 'mark_up_percent': 0, 'materials_cost': 320068, 'materials_cost_low': 0, 'materials_cost_avg': 0, 'labor_cost': 10000, 'equipment_cost': 1100, 'overhead_cost': 0, 'contingency_fund': 0, 'discounts': 0, 'total_cost': 331168, 'total_cost_low': 11100, 'total_cost_avg': 11100}
2026-06-01 03:08:10,106 - app_routes_mutate - INFO - {'org_code': 'V1E', 'wo_number': 186, 'mark_up_percent': 30, 'materials_cost': 416088.4, 'materials_cost_low': 0, 'materials_cost_avg': 0, 'labor_cost': 13000, 'equipment_cost': 1430, 'overhead_cost': 0, 'contingency_fund': 0, 'discounts': 0, 'total_cost': 430518.4, 'total_cost_low': 14430, 'total_cost_avg': 14430}
2026-06-01 03:20:50,466 - app_routes_mutate - INFO - {'org_code': 'V1E', 'wo_number': 129, 'mark_up_percent': 0, 'materials_cost': 51581.32307692308, 'materials_cost_low': 0, 'materials_cost_avg': 0, 'labor_cost': 1000000, 'equipment_cost': 0, 'overhead_cost': 0, 'contingency_fund': 0, 'discounts': 0, 'total_cost': 1051581.323076923, 'total_cost_low': 1000000, 'total_cost_avg': 1000000}
2026-06-01 03:20:52,905 - app_routes_mutate - INFO - {'org_code': 'V1E', 'wo_number': 129, 'mark_up_percent': 30, 'materials_cost': 67055.72, 'materials_cost_low': 0, 'materials_cost_avg': 0, 'labor_cost': 1300000, 'equipment_cost': 0, 'overhead_cost': 0, 'contingency_fund': 0, 'discounts': 0, 'total_cost': 1367055.7199999997, 'total_cost_low': 1300000, 'total_cost_avg': 1300000}
2026-06-03 03:01:23,939 - app_routes_mutate - INFO - INSERT INTO app_chatbox (project_gid, task_gid, task_name, message, created_datetime, created_by, source, org_code) VALUES (%s, %s, %s, %s, %s, %s, %s, %s)
2026-06-03 03:01:23,940 - app_routes_mutate - INFO - (None, '1215349443078647', 'WO Creation', 'i attached file: Proposal_PN-2026-067-01 (2).pdf', '2026-06-03 11:01:23', 'jongjongstamaria@gmail.com', 'wac', 'V1E')
2026-06-09 11:20:13,063 - botocore.credentials - INFO - Found credentials from IAM Role: wac-ec2-sqs-send-role
2026-06-09 11:20:16,384 - botocore.credentials - INFO - Found credentials from IAM Role: wac-ec2-sqs-send-role
2026-06-09 16:11:22,920 - botocore.credentials - INFO - Found credentials from IAM Role: wac-ec2-sqs-send-role
2026-06-14 11:09:34,852 - botocore.credentials - INFO - Found credentials from IAM Role: wac-ec2-sqs-send-role
2026-06-14 11:09:58,746 - botocore.credentials - INFO - Found credentials from IAM Role: wac-ec2-sqs-send-role
2026-06-14 11:20:57,483 - botocore.credentials - INFO - Found credentials from IAM Role: wac-ec2-sqs-send-role
2026-06-14 11:23:16,161 - botocore.credentials - INFO - Found credentials from IAM Role: wac-ec2-sqs-send-role
2026-06-14 11:27:09,314 - botocore.credentials - INFO - Found credentials from IAM Role: wac-ec2-sqs-send-role
2026-06-14 11:27:23,093 - botocore.credentials - INFO - Found credentials from IAM Role: wac-ec2-sqs-send-role
2026-06-14 11:58:01,181 - botocore.credentials - INFO - Found credentials from IAM Role: wac-ec2-sqs-send-role
